[15:38:59] [Client thread/INFO]: Setting user: Player319
[15:39:06] [Client thread/INFO]: LWJGL Version: 2.9.1
[15:39:14] [Client thread/INFO]: Reloading ResourceManager: Default, FMLFileResourcePack:Forge Mod Loader, FMLFileResourcePack:Minecraft Forge, FMLFileResourcePack:First Minecraft Mod
[15:39:15] [Sound Library Loader/INFO]: Starting up SoundSystem...
[15:39:16] [Thread-9/INFO]: Initializing LWJGL OpenAL
[15:39:16] [Thread-9/INFO]: (The LWJGL binding of OpenAL.  For more information, see http://www.lwjgl.org)
[15:39:17] [Thread-9/INFO]: OpenAL initialized.
[15:39:17] [Sound Library Loader/INFO]: Sound engine started
[15:39:26] [Client thread/INFO]: Created: 512x512 textures-atlas
[15:39:29] [Client thread/INFO]: Reloading ResourceManager: Default, FMLFileResourcePack:Forge Mod Loader, FMLFileResourcePack:Minecraft Forge, FMLFileResourcePack:First Minecraft Mod
[15:39:29] [Client thread/INFO]: SoundSystem shutting down...
[15:39:29] [Client thread/WARN]: Author: Paul Lamb, www.paulscode.com
[15:39:29] [Sound Library Loader/INFO]: Starting up SoundSystem...
[15:39:29] [Thread-11/INFO]: Initializing LWJGL OpenAL
[15:39:29] [Thread-11/INFO]: (The LWJGL binding of OpenAL.  For more information, see http://www.lwjgl.org)
[15:39:29] [Thread-11/INFO]: OpenAL initialized.
[15:39:30] [Sound Library Loader/INFO]: Sound engine started
[15:39:34] [Client thread/INFO]: Created: 512x512 textures-atlas
[15:39:45] [Server thread/INFO]: Starting integrated minecraft server version 1.8
[15:39:45] [Server thread/INFO]: Generating keypair
[15:39:46] [Server thread/INFO]: Preparing start region for level 0
[15:39:47] [Server thread/INFO]: Preparing spawn area: 0%
[15:39:48] [Server thread/INFO]: Preparing spawn area: 30%
[15:39:49] [Server thread/INFO]: Preparing spawn area: 56%
[15:39:51] [Server thread/INFO]: Changing view distance to 12, from 10
[15:40:01] [Server thread/WARN]: Can't keep up! Did the system time change, or is the server overloaded? Running 5066ms behind, skipping 101 tick(s)
[15:40:01] [Server thread/INFO]: Player319[local:E:0293b9e4] logged in with entity id 315 at (-255.5, 76.0, 218.5)
[15:40:02] [Server thread/INFO]: Player319 joined the game
[15:40:08] [pool-2-thread-1/WARN]: Couldn't look up profile properties for com.mojang.authlib.GameProfile@2324100b[id=b0121b71-1aec-310d-8ee8-525ebe3fec09,name=Player319,properties={},legacy=false]
com.mojang.authlib.exceptions.AuthenticationException: The client has sent too many requests within a certain amount of time
	at com.mojang.authlib.yggdrasil.YggdrasilAuthenticationService.makeRequest(YggdrasilAuthenticationService.java:65) ~[YggdrasilAuthenticationService.class:?]
	at com.mojang.authlib.yggdrasil.YggdrasilMinecraftSessionService.fillGameProfile(YggdrasilMinecraftSessionService.java:158) [YggdrasilMinecraftSessionService.class:?]
	at com.mojang.authlib.yggdrasil.YggdrasilMinecraftSessionService$1.load(YggdrasilMinecraftSessionService.java:53) [YggdrasilMinecraftSessionService$1.class:?]
	at com.mojang.authlib.yggdrasil.YggdrasilMinecraftSessionService$1.load(YggdrasilMinecraftSessionService.java:50) [YggdrasilMinecraftSessionService$1.class:?]
	at com.google.common.cache.LocalCache$LoadingValueReference.loadFuture(LocalCache.java:3524) [guava-17.0.jar:?]
	at com.google.common.cache.LocalCache$Segment.loadSync(LocalCache.java:2317) [guava-17.0.jar:?]
	at com.google.common.cache.LocalCache$Segment.lockedGetOrLoad(LocalCache.java:2280) [guava-17.0.jar:?]
	at com.google.common.cache.LocalCache$Segment.get(LocalCache.java:2195) [guava-17.0.jar:?]
	at com.google.common.cache.LocalCache.get(LocalCache.java:3934) [guava-17.0.jar:?]
	at com.google.common.cache.LocalCache.getOrLoad(LocalCache.java:3938) [guava-17.0.jar:?]
	at com.google.common.cache.LocalCache$LocalLoadingCache.get(LocalCache.java:4821) [guava-17.0.jar:?]
	at com.google.common.cache.LocalCache$LocalLoadingCache.getUnchecked(LocalCache.java:4827) [guava-17.0.jar:?]
	at com.mojang.authlib.yggdrasil.YggdrasilMinecraftSessionService.fillProfileProperties(YggdrasilMinecraftSessionService.java:148) [YggdrasilMinecraftSessionService.class:?]
	at net.minecraft.client.resources.SkinManager$3.run(SkinManager.java:138) [SkinManager$3.class:?]
	at java.util.concurrent.Executors$RunnableAdapter.call(Executors.java:511) [?:1.8.0_45]
	at java.util.concurrent.FutureTask.run(FutureTask.java:266) [?:1.8.0_45]
	at java.util.concurrent.ThreadPoolExecutor.runWorker(ThreadPoolExecutor.java:1142) [?:1.8.0_45]
	at java.util.concurrent.ThreadPoolExecutor$Worker.run(ThreadPoolExecutor.java:617) [?:1.8.0_45]
	at java.lang.Thread.run(Thread.java:745) [?:1.8.0_45]
[15:40:14] [Server thread/INFO]: Player319 has just earned the achievement [Taking Inventory]
[15:40:14] [Client thread/INFO]: [CHAT] Player319 has just earned the achievement [Taking Inventory]
[15:40:16] [Server thread/WARN]: Can't keep up! Did the system time change, or is the server overloaded? Running 3995ms behind, skipping 79 tick(s)
[15:40:54] [Server thread/INFO]: Saving and pausing game...
[15:40:54] [Server thread/INFO]: Saving chunks for level 'New World'/Overworld
[15:40:55] [Server thread/INFO]: Saving chunks for level 'New World'/Nether
[15:40:55] [Server thread/INFO]: Saving chunks for level 'New World'/The End
[15:40:57] [Client thread/INFO]: Stopping!
[15:40:57] [Client thread/INFO]: SoundSystem shutting down...
[15:40:57] [Server thread/INFO]: Stopping server
[15:40:57] [Server thread/INFO]: Saving players
[15:40:57] [Server thread/INFO]: Saving worlds
[15:40:57] [Server thread/INFO]: Saving chunks for level 'New World'/Overworld
[15:40:57] [Server thread/INFO]: Saving chunks for level 'New World'/Nether
[15:40:57] [Server thread/INFO]: Saving chunks for level 'New World'/The End
[15:40:57] [Client thread/WARN]: Author: Paul Lamb, www.paulscode.com
[15:40:57] [Client Shutdown Thread/INFO]: Stopping server
[15:40:57] [Client Shutdown Thread/INFO]: Saving players
[15:40:57] [Client Shutdown Thread/INFO]: Saving worlds
[15:40:57] [Client Shutdown Thread/INFO]: Saving chunks for level 'New World'/Overworld
